node:fs:442
    return binding.readFileUtf8(path, stringToFlags(options.flag));
                   ^

Error: ENOENT: no such file or directory, open '/Users/iancurry/prototyping/flashcards/.superpowers/brainstorm/94168-1773983871/frame-template.html'
    at Object.readFileSync (node:fs:442:20)
    at Object.<anonymous> (/Users/iancurry/prototyping/flashcards/.superpowers/brainstorm/94168-1773983871/server.cjs:99:26)
    at Module._compile (node:internal/modules/cjs/loader:1730:14)
    at Object..js (node:internal/modules/cjs/loader:1895:10)
    at Module.load (node:internal/modules/cjs/loader:1465:32)
    at Function._load (node:internal/modules/cjs/loader:1282:12)
    at TracingChannel.traceSync (node:diagnostics_channel:322:14)
    at wrapModuleLoad (node:internal/modules/cjs/loader:235:24)
    at Function.executeUserEntryPoint [as runMain] (node:internal/modules/run_main:171:5)
    at node:internal/main/run_main_module:36:49 {
  errno: -2,
  code: 'ENOENT',
  syscall: 'open',
  path: '/Users/iancurry/prototyping/flashcards/.superpowers/brainstorm/94168-1773983871/frame-template.html'
}

Node.js v22.16.0
